[2025-02-28 19:00:09] Données reçues : Array
(
    [id_ticket] => 39
    [numero_ticket] => erge gtgtgf
    [type] => all
    [status] => en_attente
    [montant_reste] => 200000
    [source_paiement] => transactions
    [montant] => 50000
    [save_paiement] => 
)

[2025-02-28 19:00:09] Montant : 50000
[2025-02-28 19:00:09] Source : transactions
[2025-02-28 19:00:09] Traitement ticket ID : 39
[2025-02-28 19:00:09] Tentative de création de la transaction
[2025-02-28 19:00:09] Erreur lors de la création de la transaction : SQLSTATE[42S22]: Column not found: 1054 Unknown column 'id_ticket' in 'field list'
[2025-02-28 19:00:09] Erreur finale : SQLSTATE[42S22]: Column not found: 1054 Unknown column 'id_ticket' in 'field list'
[2025-02-28 19:00:09] Trace : #0 C:\laragon\www\angenor\pages\save_paiement.php(63): PDOStatement->execute(Array)
#1 {main}
[2025-02-28 19:18:25] Données reçues : Array
(
    [id_ticket] => 39
    [numero_ticket] => erge gtgtgf
    [type] => all
    [status] => all
    [montant_reste] => 200000
    [type_transaction] => paiement
    [montant] => 100000
    [save_paiement] => 
)

[2025-02-28 19:18:25] Montant : 100000
[2025-02-28 19:18:25] Source : 
[2025-02-28 19:18:25] Traitement ticket ID : 39
[2025-02-28 19:18:25] Tentative de création de la transaction
[2025-02-28 19:18:25] Transaction créée avec succès
[2025-02-28 19:18:25] Tentative de mise à jour du ticket
[2025-02-28 19:18:25] État avant mise à jour : Array
(
    [montant_payer] => 
    [montant_paie] => 200000.00
)

[2025-02-28 19:18:25] Requête de mise à jour exécutée
[2025-02-28 19:18:25] État après mise à jour : Array
(
    [montant_payer] => 100000.00
    [montant_paie] => 200000.00
)

[2025-02-28 19:18:25] Transaction commit avec succès
[2025-02-28 19:43:38] Données reçues : Array
(
    [id_ticket] => 40
    [numero_ticket] => erge gtgtgf011
    [type] => <br />
<b>Warning</b>:  Undefined variable $type in <b>C:\laragon\www\angenor\pages\paiements.php</b> on line <b>440</b><br />
<br />
<b>Deprecated</b>:  htmlspecialchars(): Passing null to parameter #1 ($string) of type string is deprecated in <b>C:\laragon\www\angenor\pages\paiements.php</b> on line <b>440</b><br />

    [status] => <br />
<b>Warning</b>:  Undefined variable $status in <b>C:\laragon\www\angenor\pages\paiements.php</b> on line <b>441</b><br />
<br />
<b>Deprecated</b>:  htmlspecialchars(): Passing null to parameter #1 ($string) of type string is deprecated in <b>C:\laragon\www\angenor\pages\paiements.php</b> on line <b>441</b><br />

    [montant_reste] => 125000
    [source_paiement] => transactions
    [montant] => 100000
    [save_paiement] => 
)

[2025-02-28 19:43:38] Montant : 100000
[2025-02-28 19:43:38] Source : transactions
[2025-02-28 19:43:38] Traitement ticket ID : 40
[2025-02-28 19:43:38] Tentative de création de la transaction
[2025-02-28 19:43:38] Transaction créée avec succès
[2025-02-28 19:43:38] Tentative de mise à jour du ticket
[2025-02-28 19:43:38] État avant mise à jour : Array
(
    [montant_payer] => 100000.00
    [montant_paie] => 225000.00
)

[2025-02-28 19:43:38] Requête de mise à jour exécutée
[2025-02-28 19:43:38] État après mise à jour : Array
(
    [montant_payer] => 200000.00
    [montant_paie] => 225000.00
)

[2025-02-28 19:43:38] Transaction commit avec succès
[2025-02-28 19:44:03] Données reçues : Array
(
    [id_ticket] => 40
    [numero_ticket] => erge gtgtgf011
    [type] => <br />
<b>Warning</b>:  Undefined variable $type in <b>C:\laragon\www\angenor\pages\paiements.php</b> on line <b>440</b><br />
<br />
<b>Deprecated</b>:  htmlspecialchars(): Passing null to parameter #1 ($string) of type string is deprecated in <b>C:\laragon\www\angenor\pages\paiements.php</b> on line <b>440</b><br />

    [status] => <br />
<b>Warning</b>:  Undefined variable $status in <b>C:\laragon\www\angenor\pages\paiements.php</b> on line <b>441</b><br />
<br />
<b>Deprecated</b>:  htmlspecialchars(): Passing null to parameter #1 ($string) of type string is deprecated in <b>C:\laragon\www\angenor\pages\paiements.php</b> on line <b>441</b><br />

    [montant_reste] => 25000
    [source_paiement] => financement
    [montant] => 25000
    [save_paiement] => 
)

[2025-02-28 19:44:03] Montant : 25000
[2025-02-28 19:44:03] Source : financement
[2025-02-28 19:44:03] Traitement ticket ID : 40
[2025-02-28 19:44:03] Financement mis à jour
[2025-02-28 19:44:03] Tentative de mise à jour du ticket
[2025-02-28 19:44:03] État avant mise à jour : Array
(
    [montant_payer] => 200000.00
    [montant_paie] => 225000.00
)

[2025-02-28 19:44:03] Requête de mise à jour exécutée
[2025-02-28 19:44:03] État après mise à jour : Array
(
    [montant_payer] => 225000.00
    [montant_paie] => 225000.00
)

[2025-02-28 19:44:03] Transaction commit avec succès
[2025-02-28 19:45:41] Données reçues : Array
(
    [id_ticket] => 39
    [numero_ticket] => erge gtgtgf
    [type] => <br />
<b>Warning</b>:  Undefined variable $type in <b>C:\laragon\www\angenor\pages\paiements.php</b> on line <b>440</b><br />
<br />
<b>Deprecated</b>:  htmlspecialchars(): Passing null to parameter #1 ($string) of type string is deprecated in <b>C:\laragon\www\angenor\pages\paiements.php</b> on line <b>440</b><br />

    [status] => <br />
<b>Warning</b>:  Undefined variable $status in <b>C:\laragon\www\angenor\pages\paiements.php</b> on line <b>441</b><br />
<br />
<b>Deprecated</b>:  htmlspecialchars(): Passing null to parameter #1 ($string) of type string is deprecated in <b>C:\laragon\www\angenor\pages\paiements.php</b> on line <b>441</b><br />

    [montant_reste] => 100000
    [source_paiement] => transactions
    [montant] => 100000
    [save_paiement] => 
)

[2025-02-28 19:45:41] Montant : 100000
[2025-02-28 19:45:41] Source : transactions
[2025-02-28 19:45:41] Traitement ticket ID : 39
[2025-02-28 19:45:41] Tentative de création de la transaction
[2025-02-28 19:45:41] Transaction créée avec succès
[2025-02-28 19:45:41] Tentative de mise à jour du ticket
[2025-02-28 19:45:41] État avant mise à jour : Array
(
    [montant_payer] => 100000.00
    [montant_paie] => 200000.00
)

[2025-02-28 19:45:41] Requête de mise à jour exécutée
[2025-02-28 19:45:41] État après mise à jour : Array
(
    [montant_payer] => 200000.00
    [montant_paie] => 200000.00
)

[2025-02-28 19:45:41] Transaction commit avec succès
[2025-02-28 19:46:25] Données reçues : Array
(
    [id_bordereau] => 12
    [numero_bordereau] => BORD-20250214-210750-6050
    [type] => <br />
<b>Warning</b>:  Undefined variable $type in <b>C:\laragon\www\angenor\pages\paiements.php</b> on line <b>440</b><br />
<br />
<b>Deprecated</b>:  htmlspecialchars(): Passing null to parameter #1 ($string) of type string is deprecated in <b>C:\laragon\www\angenor\pages\paiements.php</b> on line <b>440</b><br />

    [status] => <br />
<b>Warning</b>:  Undefined variable $status in <b>C:\laragon\www\angenor\pages\paiements.php</b> on line <b>441</b><br />
<br />
<b>Deprecated</b>:  htmlspecialchars(): Passing null to parameter #1 ($string) of type string is deprecated in <b>C:\laragon\www\angenor\pages\paiements.php</b> on line <b>441</b><br />

    [montant_reste] => 10000.00
    [source_paiement] => financement
    [montant] => 10000
    [save_paiement] => 
)

[2025-02-28 19:46:25] Montant : 10000
[2025-02-28 19:46:25] Source : financement
[2025-02-28 19:46:25] Traitement bordereau ID : 12
[2025-02-28 19:46:25] Financement mis à jour
[2025-02-28 19:46:25] Tentative de mise à jour du bordereau
[2025-02-28 19:46:25] État avant mise à jour : Array
(
    [montant_payer] => 200000.00
    [montant_total] => 210000.00
)

[2025-02-28 19:46:25] Requête de mise à jour exécutée
[2025-02-28 19:46:25] État après mise à jour : Array
(
    [montant_payer] => 210000.00
    [montant_total] => 210000.00
)

[2025-02-28 19:46:25] Transaction commit avec succès
[2025-02-28 19:59:17] Données reçues : Array
(
    [id_ticket] => 17
    [numero_ticket] => ggygyygh
    [type] => <br />
<b>Warning</b>:  Undefined variable $type in <b>C:\laragon\www\angenor\pages\paiements.php</b> on line <b>440</b><br />
<br />
<b>Deprecated</b>:  htmlspecialchars(): Passing null to parameter #1 ($string) of type string is deprecated in <b>C:\laragon\www\angenor\pages\paiements.php</b> on line <b>440</b><br />

    [status] => <br />
<b>Warning</b>:  Undefined variable $status in <b>C:\laragon\www\angenor\pages\paiements.php</b> on line <b>441</b><br />
<br />
<b>Deprecated</b>:  htmlspecialchars(): Passing null to parameter #1 ($string) of type string is deprecated in <b>C:\laragon\www\angenor\pages\paiements.php</b> on line <b>441</b><br />

    [montant_reste] => 4500
    [source_paiement] => transactions
    [montant] => 4500
    [save_paiement] => 
)

[2025-02-28 19:59:17] Montant : 4500
[2025-02-28 19:59:17] Source : transactions
[2025-02-28 19:59:17] Traitement ticket ID : 17
[2025-02-28 19:59:17] Tentative de création de la transaction
[2025-02-28 19:59:17] Transaction créée avec succès
[2025-02-28 19:59:18] Tentative de mise à jour du ticket
[2025-02-28 19:59:18] État avant mise à jour : Array
(
    [montant_payer] => 
    [montant_paie] => 4500.00
)

[2025-02-28 19:59:18] Requête de mise à jour exécutée
[2025-02-28 19:59:18] État après mise à jour : Array
(
    [montant_payer] => 4500.00
    [montant_paie] => 4500.00
)

[2025-02-28 19:59:18] Transaction commit avec succès
[2025-03-04 10:34:42] Données reçues : Array
(
    [id_ticket] => 90
    [numero_ticket] => 202503APO00007
    [type] => all
    [status] => all
    [montant_reste] => 3094200
    [source_paiement] => transactions
    [montant] => 100000
    [save_paiement] => 
)

[2025-03-04 10:34:42] Montant : 100000
[2025-03-04 10:34:42] Source : transactions
[2025-03-04 10:34:42] Traitement ticket ID : 90
[2025-03-04 10:34:42] Tentative de création de la transaction
[2025-03-04 10:34:42] Transaction créée avec succès
[2025-03-04 10:34:42] Tentative de mise à jour du ticket
[2025-03-04 10:34:42] État avant mise à jour : Array
(
    [montant_payer] => 
    [montant_paie] => 3094200.00
)

[2025-03-04 10:34:42] Requête de mise à jour exécutée
[2025-03-04 10:34:42] État après mise à jour : Array
(
    [montant_payer] => 100000.00
    [montant_paie] => 3094200.00
)

[2025-03-04 10:34:42] Transaction commit avec succès
[2025-03-04 10:46:10] Données reçues : Array
(
    [id_ticket] => 90
    [numero_ticket] => 202503APO00007
    [type] => all
    [status] => all
    [montant_reste] => 2994200
    [source_paiement] => transactions
    [montant] => 50000
    [save_paiement] => 
)

[2025-03-04 10:46:10] Montant : 50000
[2025-03-04 10:46:10] Source : transactions
[2025-03-04 10:46:10] Traitement ticket ID : 90
[2025-03-04 10:46:10] Tentative de création de la transaction
[2025-03-04 10:46:10] Transaction créée avec succès
[2025-03-04 10:46:10] Tentative de mise à jour du ticket
[2025-03-04 10:46:10] État avant mise à jour : Array
(
    [montant_payer] => 100000.00
    [montant_paie] => 3094200.00
)

[2025-03-04 10:46:10] Requête de mise à jour exécutée
[2025-03-04 10:46:10] État après mise à jour : Array
(
    [montant_payer] => 150000.00
    [montant_paie] => 3094200.00
)

[2025-03-04 10:46:10] Transaction commit avec succès
[2025-03-04 10:48:55] Données reçues : Array
(
    [id_ticket] => 90
    [numero_ticket] => 202503APO00007
    [type] => all
    [status] => all
    [montant_reste] => 2944200
    [source_paiement] => transactions
    [montant] => 20000
    [save_paiement] => 
)

[2025-03-04 10:48:55] Montant : 20000
[2025-03-04 10:48:55] Source : transactions
[2025-03-04 10:48:55] Traitement ticket ID : 90
[2025-03-04 10:48:55] Tentative de création de la transaction
[2025-03-04 10:48:55] Transaction créée avec succès
[2025-03-04 10:48:55] Tentative de mise à jour du ticket
[2025-03-04 10:48:55] État avant mise à jour : Array
(
    [montant_payer] => 150000.00
    [montant_paie] => 3094200.00
)

[2025-03-04 10:48:55] Requête de mise à jour exécutée
[2025-03-04 10:48:55] État après mise à jour : Array
(
    [montant_payer] => 170000.00
    [montant_paie] => 3094200.00
)

[2025-03-04 10:48:55] Transaction commit avec succès
[2025-03-04 10:52:16] Données reçues : Array
(
    [id_ticket] => 90
    [numero_ticket] => 202503APO00007
    [type] => all
    [status] => all
    [montant_reste] => 2924200
    [source_paiement] => transactions
    [montant] => 200000
    [save_paiement] => 
)

[2025-03-04 10:52:16] Montant : 200000
[2025-03-04 10:52:16] Source : transactions
[2025-03-04 10:52:16] Traitement ticket ID : 90
[2025-03-04 10:52:16] Tentative de création de la transaction
[2025-03-04 10:52:16] Transaction créée avec succès
[2025-03-04 10:52:16] Tentative de mise à jour du ticket
[2025-03-04 10:52:16] État avant mise à jour : Array
(
    [montant_payer] => 170000.00
    [montant_paie] => 3094200.00
)

[2025-03-04 10:52:16] Requête de mise à jour exécutée
[2025-03-04 10:52:16] État après mise à jour : Array
(
    [montant_payer] => 370000.00
    [montant_paie] => 3094200.00
)

[2025-03-04 10:52:16] Transaction commit avec succès
[2025-03-04 10:54:53] Données reçues : Array
(
    [id_ticket] => 90
    [numero_ticket] => 202503APO00007
    [type] => all
    [status] => all
    [montant_reste] => 2724200
    [source_paiement] => transactions
    [montant_affiche] => 200 000
    [montant] => 200000
    [save_paiement] => 
)

[2025-03-04 10:54:53] Montant : 200000
[2025-03-04 10:54:53] Source : transactions
[2025-03-04 10:54:53] Traitement ticket ID : 90
[2025-03-04 10:54:53] Tentative de création de la transaction
[2025-03-04 10:54:53] Transaction créée avec succès
[2025-03-04 10:54:53] Tentative de mise à jour du ticket
[2025-03-04 10:54:53] État avant mise à jour : Array
(
    [montant_payer] => 370000.00
    [montant_paie] => 3094200.00
)

[2025-03-04 10:54:53] Requête de mise à jour exécutée
[2025-03-04 10:54:53] État après mise à jour : Array
(
    [montant_payer] => 570000.00
    [montant_paie] => 3094200.00
)

[2025-03-04 10:54:53] Transaction commit avec succès
[2025-03-04 10:55:12] Données reçues : Array
(
    [id_ticket] => 90
    [numero_ticket] => 202503APO00007
    [type] => all
    [status] => all
    [montant_reste] => 2524200
    [source_paiement] => transactions
    [montant_affiche] => 100 000
    [montant] => 100000
    [save_paiement] => 
)

[2025-03-04 10:55:12] Montant : 100000
[2025-03-04 10:55:12] Source : transactions
[2025-03-04 10:55:12] Traitement ticket ID : 90
[2025-03-04 10:55:12] Tentative de création de la transaction
[2025-03-04 10:55:12] Transaction créée avec succès
[2025-03-04 10:55:12] Tentative de mise à jour du ticket
[2025-03-04 10:55:12] État avant mise à jour : Array
(
    [montant_payer] => 570000.00
    [montant_paie] => 3094200.00
)

[2025-03-04 10:55:12] Requête de mise à jour exécutée
[2025-03-04 10:55:12] État après mise à jour : Array
(
    [montant_payer] => 670000.00
    [montant_paie] => 3094200.00
)

[2025-03-04 10:55:12] Transaction commit avec succès
[2025-03-04 10:55:38] Données reçues : Array
(
    [id_ticket] => 91
    [numero_ticket] => 202503APO00026
    [type] => all
    [status] => all
    [montant_reste] => 3542400
    [source_paiement] => transactions
    [montant_affiche] => 1 000 000
    [montant] => 1000000
    [save_paiement] => 
)

[2025-03-04 10:55:38] Montant : 1000000
[2025-03-04 10:55:38] Source : transactions
[2025-03-04 10:55:38] Traitement ticket ID : 91
[2025-03-04 10:55:38] Tentative de création de la transaction
[2025-03-04 10:55:38] Transaction créée avec succès
[2025-03-04 10:55:38] Tentative de mise à jour du ticket
[2025-03-04 10:55:38] État avant mise à jour : Array
(
    [montant_payer] => 
    [montant_paie] => 3542400.00
)

[2025-03-04 10:55:38] Requête de mise à jour exécutée
[2025-03-04 10:55:39] État après mise à jour : Array
(
    [montant_payer] => 1000000.00
    [montant_paie] => 3542400.00
)

[2025-03-04 10:55:39] Transaction commit avec succès
[2025-03-04 11:12:20] Données reçues : Array
(
    [id_ticket] => 91
    [numero_ticket] => 202503APO00026
    [type] => all
    [status] => all
    [montant_reste] => 2542400
    [source_paiement] => transactions
    [montant_affiche] => 200 000
    [montant] => 200000
    [save_paiement] => 
)

[2025-03-04 11:12:20] Montant : 200000
[2025-03-04 11:12:20] Source : transactions
[2025-03-04 11:12:20] Traitement ticket ID : 91
[2025-03-04 11:12:20] Tentative de création de la transaction
[2025-03-04 11:12:20] Transaction créée avec succès
[2025-03-04 11:12:20] Tentative de mise à jour du ticket
[2025-03-04 11:12:20] État avant mise à jour : Array
(
    [montant_payer] => 1000000.00
    [montant_paie] => 3542400.00
)

[2025-03-04 11:12:20] Requête de mise à jour exécutée
[2025-03-04 11:12:20] État après mise à jour : Array
(
    [montant_payer] => 1200000.00
    [montant_paie] => 3542400.00
)

[2025-03-04 11:12:20] Transaction commit avec succès
[2025-03-04 11:12:32] Données reçues : Array
(
    [id_ticket] => 91
    [numero_ticket] => 202503APO00026
    [type] => all
    [status] => all
    [montant_reste] => 2342400
    [source_paiement] => transactions
    [montant_affiche] => 200 000
    [montant] => 200000
    [save_paiement] => 
)

[2025-03-04 11:12:32] Montant : 200000
[2025-03-04 11:12:32] Source : transactions
[2025-03-04 11:12:32] Traitement ticket ID : 91
[2025-03-04 11:12:32] Tentative de création de la transaction
[2025-03-04 11:12:32] Transaction créée avec succès
[2025-03-04 11:12:32] Tentative de mise à jour du ticket
[2025-03-04 11:12:32] État avant mise à jour : Array
(
    [montant_payer] => 1200000.00
    [montant_paie] => 3542400.00
)

[2025-03-04 11:12:32] Requête de mise à jour exécutée
[2025-03-04 11:12:32] État après mise à jour : Array
(
    [montant_payer] => 1400000.00
    [montant_paie] => 3542400.00
)

[2025-03-04 11:12:32] Transaction commit avec succès
[2025-03-04 11:15:24] Données reçues : Array
(
    [id_ticket] => 90
    [numero_ticket] => 202503APO00007
    [type] => all
    [status] => all
    [montant_reste] => 2424200
    [source_paiement] => transactions
    [montant_affiche] => 200 000
    [montant] => 200000
    [save_paiement] => 
)

[2025-03-04 11:15:24] Montant : 200000
[2025-03-04 11:15:24] Source : transactions
[2025-03-04 11:15:24] Traitement ticket ID : 90
[2025-03-04 11:15:24] Tentative de création de la transaction
[2025-03-04 11:15:24] Transaction créée avec succès
[2025-03-04 11:15:24] Tentative de mise à jour du ticket
[2025-03-04 11:15:24] État avant mise à jour : Array
(
    [montant_payer] => 670000.00
    [montant_paie] => 3094200.00
)

[2025-03-04 11:15:24] Requête de mise à jour exécutée
[2025-03-04 11:15:24] État après mise à jour : Array
(
    [montant_payer] => 870000.00
    [montant_paie] => 3094200.00
)

[2025-03-04 11:15:24] Transaction validée avec succès
[2025-03-04 11:26:09] Données reçues : Array
(
    [id_ticket] => 90
    [numero_ticket] => 202503APO00007
    [type] => all
    [status] => all
    [montant_reste] => 2224200
    [source_paiement] => transactions
    [montant_affiche] => 100 000
    [montant] => 100000
    [save_paiement] => 
)

[2025-03-04 11:26:09] Montant : 100000
[2025-03-04 11:26:09] Source : transactions
[2025-03-04 11:26:09] Traitement ticket ID : 90
[2025-03-04 11:26:09] Tentative de création de la transaction
[2025-03-04 11:26:09] Transaction créée avec succès
[2025-03-04 11:26:09] Tentative de mise à jour du ticket
[2025-03-04 11:26:09] État avant mise à jour : Array
(
    [montant_payer] => 870000.00
    [montant_paie] => 3094200.00
)

[2025-03-04 11:26:09] Requête de mise à jour exécutée
[2025-03-04 11:26:09] État après mise à jour : Array
(
    [montant_payer] => 970000.00
    [montant_paie] => 3094200.00
)

[2025-03-04 11:26:09] Transaction validée avec succès
[2025-03-04 11:31:40] Données reçues : Array
(
    [id_ticket] => 90
    [numero_ticket] => 202503APO00007
    [type] => all
    [status] => all
    [montant_reste] => 2124200
    [source_paiement] => transactions
    [montant_affiche] => 100 000
    [montant] => 100000
    [save_paiement] => 
)

[2025-03-04 11:31:40] Montant : 100000
[2025-03-04 11:31:40] Source : transactions
[2025-03-04 11:31:40] Traitement ticket ID : 90
[2025-03-04 11:31:40] Tentative de création de la transaction
[2025-03-04 11:31:40] Transaction créée avec succès
[2025-03-04 11:31:40] Tentative de mise à jour du ticket
[2025-03-04 11:31:40] État avant mise à jour : Array
(
    [montant_payer] => 970000.00
    [montant_paie] => 3094200.00
)

[2025-03-04 11:31:40] Requête de mise à jour exécutée
[2025-03-04 11:31:40] État après mise à jour : Array
(
    [montant_payer] => 1070000.00
    [montant_paie] => 3094200.00
)

[2025-03-04 11:31:40] Transaction validée avec succès
[2025-03-04 11:32:59] Données reçues : Array
(
    [id_ticket] => 90
    [numero_ticket] => 202503APO00007
    [type] => all
    [status] => all
    [montant_reste] => 2024200
    [source_paiement] => transactions
    [montant_affiche] => 100 000
    [montant] => 100000
    [save_paiement] => 
)

[2025-03-04 11:32:59] Montant : 100000
[2025-03-04 11:32:59] Source : transactions
[2025-03-04 11:32:59] Traitement ticket ID : 90
[2025-03-04 11:32:59] Tentative de création de la transaction
[2025-03-04 11:32:59] Transaction créée avec succès
[2025-03-04 11:32:59] Tentative de mise à jour du ticket
[2025-03-04 11:32:59] État avant mise à jour : Array
(
    [montant_payer] => 1070000.00
    [montant_paie] => 3094200.00
)

[2025-03-04 11:32:59] Requête de mise à jour exécutée
[2025-03-04 11:32:59] État après mise à jour : Array
(
    [montant_payer] => 1170000.00
    [montant_paie] => 3094200.00
)

[2025-03-04 11:32:59] Transaction validée avec succès
[2025-03-04 11:39:38] Données reçues : Array
(
    [id_ticket] => 90
    [numero_ticket] => 202503APO00007
    [type] => all
    [status] => all
    [montant_reste] => 1924200
    [source_paiement] => transactions
    [montant_affiche] => 100 000
    [montant] => 100000
    [save_paiement] => 
)

[2025-03-04 11:39:38] Montant : 100000
[2025-03-04 11:39:38] Source : transactions
[2025-03-04 11:39:38] Traitement ticket ID : 90
[2025-03-04 11:39:38] Tentative de création de la transaction
[2025-03-04 11:39:38] Transaction créée avec succès
[2025-03-04 11:39:38] Tentative de mise à jour du ticket
[2025-03-04 11:39:38] État avant mise à jour : Array
(
    [montant_payer] => 1170000.00
    [montant_paie] => 3094200.00
)

[2025-03-04 11:39:38] Requête de mise à jour exécutée
[2025-03-04 11:39:38] État après mise à jour : Array
(
    [montant_payer] => 1270000.00
    [montant_paie] => 3094200.00
)

[2025-03-04 11:39:38] Transaction validée avec succès
[2025-03-04 11:40:40] Données reçues : Array
(
    [id_ticket] => 90
    [numero_ticket] => 202503APO00007
    [type] => all
    [status] => all
    [montant_reste] => 1824200
    [source_paiement] => transactions
    [montant_affiche] => 100 000
    [montant] => 100000
    [save_paiement] => 
)

[2025-03-04 11:40:40] Montant : 100000
[2025-03-04 11:40:40] Source : transactions
[2025-03-04 11:40:40] Traitement ticket ID : 90
[2025-03-04 11:40:40] Tentative de création de la transaction
[2025-03-04 11:40:40] Transaction créée avec succès
[2025-03-04 11:40:40] Tentative de mise à jour du ticket
[2025-03-04 11:40:40] État avant mise à jour : Array
(
    [montant_payer] => 1270000.00
    [montant_paie] => 3094200.00
)

[2025-03-04 11:40:40] Requête de mise à jour exécutée
[2025-03-04 11:40:40] État après mise à jour : Array
(
    [montant_payer] => 1370000.00
    [montant_paie] => 3094200.00
)

[2025-03-04 11:40:40] Transaction validée avec succès
[2025-03-04 11:43:03] Données reçues : Array
(
    [id_ticket] => 91
    [numero_ticket] => 202503APO00026
    [type] => all
    [status] => all
    [montant_reste] => 2142400
    [source_paiement] => transactions
    [montant_affiche] => 100 000
    [montant] => 100000
    [save_paiement] => 
)

[2025-03-04 11:43:03] Montant : 100000
[2025-03-04 11:43:03] Source : transactions
[2025-03-04 11:43:03] Traitement ticket ID : 91
[2025-03-04 11:43:03] Tentative de création de la transaction
[2025-03-04 11:43:03] Transaction créée avec succès
[2025-03-04 11:43:03] Tentative de mise à jour du ticket
[2025-03-04 11:43:03] État avant mise à jour : Array
(
    [montant_payer] => 1400000.00
    [montant_paie] => 3542400.00
)

[2025-03-04 11:43:03] Requête de mise à jour exécutée
[2025-03-04 11:43:03] État après mise à jour : Array
(
    [montant_payer] => 1500000.00
    [montant_paie] => 3542400.00
)

[2025-03-04 11:43:03] Transaction validée avec succès
[2025-03-04 11:44:59] Données reçues : Array
(
    [id_ticket] => 90
    [numero_ticket] => 202503APO00007
    [type] => all
    [status] => all
    [montant_reste] => 1724200
    [source_paiement] => transactions
    [montant_affiche] => 100 000
    [montant] => 100000
    [save_paiement] => 
)

[2025-03-04 11:44:59] Montant : 100000
[2025-03-04 11:44:59] Source : transactions
[2025-03-04 11:44:59] Traitement ticket ID : 90
[2025-03-04 11:44:59] Tentative de création de la transaction
[2025-03-04 11:44:59] Transaction créée avec succès
[2025-03-04 11:44:59] Tentative de mise à jour du ticket
[2025-03-04 11:44:59] État avant mise à jour : Array
(
    [montant_payer] => 1370000.00
    [montant_paie] => 3094200.00
)

[2025-03-04 11:44:59] Requête de mise à jour exécutée
[2025-03-04 11:44:59] État après mise à jour : Array
(
    [montant_payer] => 1470000.00
    [montant_paie] => 3094200.00
)

[2025-03-04 11:44:59] Transaction validée avec succès
[2025-03-04 11:47:27] Données reçues : Array
(
    [id_ticket] => 90
    [numero_ticket] => 202503APO00007
    [type] => all
    [status] => all
    [montant_reste] => 1624200
    [source_paiement] => transactions
    [montant_affiche] => 100 000
    [montant] => 100000
    [save_paiement] => 
)

[2025-03-04 11:47:27] Montant : 100000
[2025-03-04 11:47:27] Source : transactions
[2025-03-04 11:47:27] Traitement ticket ID : 90
[2025-03-04 11:47:27] Tentative de création de la transaction
[2025-03-04 11:47:27] Transaction créée avec succès
[2025-03-04 11:47:27] Tentative de mise à jour du ticket
[2025-03-04 11:47:27] État avant mise à jour : Array
(
    [montant_payer] => 1470000.00
    [montant_paie] => 3094200.00
)

[2025-03-04 11:47:27] Requête de mise à jour exécutée
[2025-03-04 11:47:27] État après mise à jour : Array
(
    [montant_payer] => 1570000.00
    [montant_paie] => 3094200.00
)

[2025-03-04 11:47:27] Transaction validée avec succès
[2025-03-04 11:49:49] Données reçues : Array
(
    [id_ticket] => 90
    [numero_ticket] => 202503APO00007
    [type] => all
    [status] => all
    [montant_reste] => 1524200
    [source_paiement] => transactions
    [montant_affiche] => 10 000
    [montant] => 10000
    [save_paiement] => 
)

[2025-03-04 11:49:49] Montant : 10000
[2025-03-04 11:49:49] Source : transactions
[2025-03-04 11:49:49] Traitement ticket ID : 90
[2025-03-04 11:49:49] Tentative de création de la transaction
[2025-03-04 11:49:49] Transaction créée avec succès
[2025-03-04 11:49:49] Tentative de mise à jour du ticket
[2025-03-04 11:49:49] État avant mise à jour : Array
(
    [montant_payer] => 1570000.00
    [montant_paie] => 3094200.00
)

[2025-03-04 11:49:49] Requête de mise à jour exécutée
[2025-03-04 11:49:49] État après mise à jour : Array
(
    [montant_payer] => 1580000.00
    [montant_paie] => 3094200.00
)

[2025-03-04 11:49:49] Transaction validée avec succès
[2025-03-04 11:51:51] Données reçues : Array
(
    [id_ticket] => 90
    [numero_ticket] => 202503APO00007
    [type] => all
    [status] => all
    [montant_reste] => 1514200
    [source_paiement] => transactions
    [montant_affiche] => 10 000
    [montant] => 10000
    [save_paiement] => 
)

[2025-03-04 11:51:51] Montant : 10000
[2025-03-04 11:51:51] Source : transactions
[2025-03-04 11:51:51] Traitement ticket ID : 90
[2025-03-04 11:51:51] Tentative de création de la transaction
[2025-03-04 11:51:51] Transaction créée avec succès
[2025-03-04 11:51:51] Tentative de mise à jour du ticket
[2025-03-04 11:51:51] État avant mise à jour : Array
(
    [montant_payer] => 1580000.00
    [montant_paie] => 3094200.00
)

[2025-03-04 11:51:51] Requête de mise à jour exécutée
[2025-03-04 11:51:51] État après mise à jour : Array
(
    [montant_payer] => 1590000.00
    [montant_paie] => 3094200.00
)

[2025-03-04 11:51:51] Transaction validée avec succès
[2025-03-04 11:54:13] Données reçues : Array
(
    [id_ticket] => 90
    [numero_ticket] => 202503APO00007
    [type] => all
    [status] => all
    [montant_reste] => 1504200
    [source_paiement] => transactions
    [montant_affiche] => 10 000
    [montant] => 10000
    [save_paiement] => 
)

[2025-03-04 11:54:13] Montant : 10000
[2025-03-04 11:54:13] Source : transactions
[2025-03-04 11:54:13] Traitement ticket ID : 90
[2025-03-04 11:54:13] Tentative de création de la transaction
[2025-03-04 11:54:13] Transaction créée avec succès
[2025-03-04 11:54:13] Tentative de mise à jour du ticket
[2025-03-04 11:54:13] État avant mise à jour : Array
(
    [montant_payer] => 1590000.00
    [montant_paie] => 3094200.00
)

[2025-03-04 11:54:13] Requête de mise à jour exécutée
[2025-03-04 11:54:13] État après mise à jour : Array
(
    [montant_payer] => 1600000.00
    [montant_paie] => 3094200.00
)

[2025-03-04 11:54:13] Transaction validée avec succès
[2025-03-04 11:55:32] Données reçues : Array
(
    [id_ticket] => 90
    [numero_ticket] => 202503APO00007
    [type] => all
    [status] => all
    [montant_reste] => 1494200
    [source_paiement] => transactions
    [montant_affiche] => 10 000
    [montant] => 10000
    [save_paiement] => 
)

[2025-03-04 11:55:32] Montant : 10000
[2025-03-04 11:55:32] Source : transactions
[2025-03-04 11:55:32] Traitement ticket ID : 90
[2025-03-04 11:55:32] Tentative de création de la transaction
[2025-03-04 11:55:32] Transaction créée avec succès
[2025-03-04 11:55:32] Tentative de mise à jour du ticket
[2025-03-04 11:55:32] État avant mise à jour : Array
(
    [montant_payer] => 1600000.00
    [montant_paie] => 3094200.00
)

[2025-03-04 11:55:32] Requête de mise à jour exécutée
[2025-03-04 11:55:32] État après mise à jour : Array
(
    [montant_payer] => 1610000.00
    [montant_paie] => 3094200.00
)

[2025-03-04 11:55:32] Transaction validée avec succès
[2025-03-04 11:57:38] Données reçues : Array
(
    [id_ticket] => 90
    [numero_ticket] => 202503APO00007
    [type] => all
    [status] => all
    [montant_reste] => 1484200
    [source_paiement] => transactions
    [montant_affiche] => 10 000
    [montant] => 10000
    [save_paiement] => 
)

[2025-03-04 11:57:38] Montant : 10000
[2025-03-04 11:57:38] Source : transactions
[2025-03-04 11:57:38] Traitement ticket ID : 90
[2025-03-04 11:57:38] Tentative de création de la transaction
[2025-03-04 11:57:38] Transaction créée avec succès
[2025-03-04 11:57:38] Tentative de mise à jour du ticket
[2025-03-04 11:57:38] État avant mise à jour : Array
(
    [montant_payer] => 1610000.00
    [montant_paie] => 3094200.00
)

[2025-03-04 11:57:38] Requête de mise à jour exécutée
[2025-03-04 11:57:38] État après mise à jour : Array
(
    [montant_payer] => 1620000.00
    [montant_paie] => 3094200.00
)

[2025-03-04 11:57:38] Transaction validée avec succès
[2025-03-04 12:00:48] Données reçues : Array
(
    [id_ticket] => 90
    [numero_ticket] => 202503APO00007
    [type] => all
    [status] => all
    [montant_reste] => 1474200
    [source_paiement] => transactions
    [montant_affiche] => 10 000
    [montant] => 10000
    [save_paiement] => 
)

[2025-03-04 12:00:48] Montant : 10000
[2025-03-04 12:00:48] Source : transactions
[2025-03-04 12:00:48] Traitement ticket ID : 90
[2025-03-04 12:00:48] Tentative de création de la transaction
[2025-03-04 12:00:48] Transaction créée avec succès
[2025-03-04 12:00:48] Tentative de mise à jour du ticket
[2025-03-04 12:00:48] État avant mise à jour : Array
(
    [montant_payer] => 1620000.00
    [montant_paie] => 3094200.00
)

[2025-03-04 12:00:48] Requête de mise à jour exécutée
[2025-03-04 12:00:48] État après mise à jour : Array
(
    [montant_payer] => 1630000.00
    [montant_paie] => 3094200.00
)

[2025-03-04 12:00:48] Transaction validée avec succès
[2025-03-04 12:04:42] Données reçues : Array
(
    [id_ticket] => 90
    [numero_ticket] => 202503APO00007
    [type] => all
    [status] => all
    [montant_reste] => 1464200
    [source_paiement] => transactions
    [montant_affiche] => 10 000
    [montant] => 10000
    [save_paiement] => 
)

[2025-03-04 12:04:42] Montant : 10000
[2025-03-04 12:04:42] Source : transactions
[2025-03-04 12:04:42] Traitement ticket ID : 90
[2025-03-04 12:04:42] Tentative de création de la transaction
[2025-03-04 12:04:42] Transaction créée avec succès
[2025-03-04 12:04:42] Tentative de mise à jour du ticket
[2025-03-04 12:04:42] État avant mise à jour : Array
(
    [montant_payer] => 1630000.00
    [montant_paie] => 3094200.00
)

[2025-03-04 12:04:42] Requête de mise à jour exécutée
[2025-03-04 12:04:42] État après mise à jour : Array
(
    [montant_payer] => 1640000.00
    [montant_paie] => 3094200.00
)

[2025-03-04 12:04:42] Transaction validée avec succès
[2025-03-04 12:05:17] Données reçues : Array
(
    [id_ticket] => 90
    [numero_ticket] => 202503APO00007
    [type] => all
    [status] => all
    [montant_reste] => 1454200
    [source_paiement] => transactions
    [montant_affiche] => 10 000
    [montant] => 10000
    [save_paiement] => 
)

[2025-03-04 12:05:17] Montant : 10000
[2025-03-04 12:05:17] Source : transactions
[2025-03-04 12:05:17] Traitement ticket ID : 90
[2025-03-04 12:05:17] Tentative de création de la transaction
[2025-03-04 12:05:17] Transaction créée avec succès
[2025-03-04 12:05:17] Tentative de mise à jour du ticket
[2025-03-04 12:05:17] État avant mise à jour : Array
(
    [montant_payer] => 1640000.00
    [montant_paie] => 3094200.00
)

[2025-03-04 12:05:17] Requête de mise à jour exécutée
[2025-03-04 12:05:17] État après mise à jour : Array
(
    [montant_payer] => 1650000.00
    [montant_paie] => 3094200.00
)

[2025-03-04 12:05:17] Transaction validée avec succès
[2025-03-04 12:09:26] Données reçues : Array
(
    [id_ticket] => 90
    [numero_ticket] => 202503APO00007
    [type] => all
    [status] => all
    [montant_reste] => 1444200
    [source_paiement] => transactions
    [montant_affiche] => 10 000
    [montant] => 10000
    [save_paiement] => 
)

[2025-03-04 12:09:26] Montant : 10000
[2025-03-04 12:09:26] Source : transactions
[2025-03-04 12:09:26] Traitement ticket ID : 90
[2025-03-04 12:09:26] Tentative de création de la transaction
[2025-03-04 12:09:26] Transaction créée avec succès
[2025-03-04 12:09:26] Tentative de mise à jour du ticket
[2025-03-04 12:09:26] État avant mise à jour : Array
(
    [montant_payer] => 1650000.00
    [montant_paie] => 3094200.00
)

[2025-03-04 12:09:26] Requête de mise à jour exécutée
[2025-03-04 12:09:26] État après mise à jour : Array
(
    [montant_payer] => 1660000.00
    [montant_paie] => 3094200.00
)

[2025-03-04 12:09:26] Transaction validée avec succès
[2025-03-04 12:11:51] Données reçues : Array
(
    [id_ticket] => 90
    [numero_ticket] => 202503APO00007
    [type] => all
    [status] => all
    [montant_reste] => 1434200
    [source_paiement] => transactions
    [montant_affiche] => 10 000
    [montant] => 10000
    [save_paiement] => 
)

[2025-03-04 12:11:51] Montant : 10000
[2025-03-04 12:11:51] Source : transactions
[2025-03-04 12:11:51] Traitement ticket ID : 90
[2025-03-04 12:11:51] Tentative de création de la transaction
[2025-03-04 12:11:51] Transaction créée avec succès
[2025-03-04 12:11:51] Tentative de mise à jour du ticket
[2025-03-04 12:11:51] État avant mise à jour : Array
(
    [montant_payer] => 1660000.00
    [montant_paie] => 3094200.00
)

[2025-03-04 12:11:51] Requête de mise à jour exécutée
[2025-03-04 12:11:51] État après mise à jour : Array
(
    [montant_payer] => 1670000.00
    [montant_paie] => 3094200.00
)

[2025-03-04 12:11:51] Transaction validée avec succès
[2025-03-04 12:13:36] Données reçues : Array
(
    [id_ticket] => 90
    [numero_ticket] => 202503APO00007
    [type] => all
    [status] => all
    [montant_reste] => 1424200
    [source_paiement] => transactions
    [montant_affiche] => 10 000
    [montant] => 10000
    [save_paiement] => 
)

[2025-03-04 12:13:36] Montant : 10000
[2025-03-04 12:13:36] Source : transactions
[2025-03-04 12:13:36] Traitement ticket ID : 90
[2025-03-04 12:13:36] Tentative de création de la transaction
[2025-03-04 12:13:36] Transaction créée avec succès
[2025-03-04 12:13:36] Tentative de mise à jour du ticket
[2025-03-04 12:13:36] État avant mise à jour : Array
(
    [montant_payer] => 1670000.00
    [montant_paie] => 3094200.00
)

[2025-03-04 12:13:36] Requête de mise à jour exécutée
[2025-03-04 12:13:36] État après mise à jour : Array
(
    [montant_payer] => 1680000.00
    [montant_paie] => 3094200.00
)

[2025-03-04 12:13:36] Transaction validée avec succès
[2025-03-04 12:15:03] Données reçues : Array
(
    [id_ticket] => 90
    [numero_ticket] => 202503APO00007
    [type] => all
    [status] => all
    [montant_reste] => 1414200
    [source_paiement] => transactions
    [montant_affiche] => 10 000
    [montant] => 10000
    [save_paiement] => 
)

[2025-03-04 12:15:03] Montant : 10000
[2025-03-04 12:15:03] Source : transactions
[2025-03-04 12:15:03] Traitement ticket ID : 90
[2025-03-04 12:15:03] Tentative de création de la transaction
[2025-03-04 12:15:03] Transaction créée avec succès
[2025-03-04 12:15:03] Tentative de mise à jour du ticket
[2025-03-04 12:15:03] État avant mise à jour : Array
(
    [montant_payer] => 1680000.00
    [montant_paie] => 3094200.00
)

[2025-03-04 12:15:03] Requête de mise à jour exécutée
[2025-03-04 12:15:03] État après mise à jour : Array
(
    [montant_payer] => 1690000.00
    [montant_paie] => 3094200.00
)

[2025-03-04 12:15:03] Transaction validée avec succès
[2025-03-04 12:16:01] Données reçues : Array
(
    [id_ticket] => 90
    [numero_ticket] => 202503APO00007
    [type] => all
    [status] => all
    [montant_reste] => 1404200
    [source_paiement] => transactions
    [montant_affiche] => 10 000
    [montant] => 10000
    [save_paiement] => 
)

[2025-03-04 12:16:01] Montant : 10000
[2025-03-04 12:16:01] Source : transactions
[2025-03-04 12:16:01] Traitement ticket ID : 90
[2025-03-04 12:16:01] Tentative de création de la transaction
[2025-03-04 12:16:01] Transaction créée avec succès
[2025-03-04 12:16:01] Tentative de mise à jour du ticket
[2025-03-04 12:16:01] État avant mise à jour : Array
(
    [montant_payer] => 1690000.00
    [montant_paie] => 3094200.00
)

[2025-03-04 12:16:01] Requête de mise à jour exécutée
[2025-03-04 12:16:01] État après mise à jour : Array
(
    [montant_payer] => 1700000.00
    [montant_paie] => 3094200.00
)

[2025-03-04 12:16:01] Transaction validée avec succès
[2025-03-04 12:17:28] Données reçues : Array
(
    [id_ticket] => 90
    [numero_ticket] => 202503APO00007
    [type] => all
    [status] => all
    [montant_reste] => 1394200
    [source_paiement] => transactions
    [montant_affiche] => 10 000
    [montant] => 10000
    [save_paiement] => 
)

[2025-03-04 12:17:28] Montant : 10000
[2025-03-04 12:17:28] Source : transactions
[2025-03-04 12:17:28] Traitement ticket ID : 90
[2025-03-04 12:17:29] Tentative de création de la transaction
[2025-03-04 12:17:29] Transaction créée avec succès
[2025-03-04 12:17:29] Tentative de mise à jour du ticket
[2025-03-04 12:17:29] État avant mise à jour : Array
(
    [montant_payer] => 1700000.00
    [montant_paie] => 3094200.00
)

[2025-03-04 12:17:29] Requête de mise à jour exécutée
[2025-03-04 12:17:29] État après mise à jour : Array
(
    [montant_payer] => 1710000.00
    [montant_paie] => 3094200.00
)

[2025-03-04 12:17:29] Transaction validée avec succès
[2025-03-04 12:18:31] Données reçues : Array
(
    [id_ticket] => 90
    [numero_ticket] => 202503APO00007
    [type] => all
    [status] => all
    [montant_reste] => 1384200
    [source_paiement] => transactions
    [montant_affiche] => 10 000
    [montant] => 10000
    [save_paiement] => 
)

[2025-03-04 12:18:31] Montant : 10000
[2025-03-04 12:18:31] Source : transactions
[2025-03-04 12:18:31] Traitement ticket ID : 90
[2025-03-04 12:18:31] Tentative de création de la transaction
[2025-03-04 12:18:31] Transaction créée avec succès
[2025-03-04 12:18:31] Tentative de mise à jour du ticket
[2025-03-04 12:18:31] État avant mise à jour : Array
(
    [montant_payer] => 1710000.00
    [montant_paie] => 3094200.00
)

[2025-03-04 12:18:31] Requête de mise à jour exécutée
[2025-03-04 12:18:31] État après mise à jour : Array
(
    [montant_payer] => 1720000.00
    [montant_paie] => 3094200.00
)

[2025-03-04 12:18:31] Transaction validée avec succès
[2025-03-04 12:19:03] Données reçues : Array
(
    [id_ticket] => 90
    [numero_ticket] => 202503APO00007
    [type] => all
    [status] => all
    [montant_reste] => 1374200
    [source_paiement] => transactions
    [montant_affiche] => 10 000
    [montant] => 10000
    [save_paiement] => 
)

[2025-03-04 12:19:03] Montant : 10000
[2025-03-04 12:19:03] Source : transactions
[2025-03-04 12:19:03] Traitement ticket ID : 90
[2025-03-04 12:19:03] Tentative de création de la transaction
[2025-03-04 12:19:03] Transaction créée avec succès
[2025-03-04 12:19:03] Tentative de mise à jour du ticket
[2025-03-04 12:19:03] État avant mise à jour : Array
(
    [montant_payer] => 1720000.00
    [montant_paie] => 3094200.00
)

[2025-03-04 12:19:03] Requête de mise à jour exécutée
[2025-03-04 12:19:03] État après mise à jour : Array
(
    [montant_payer] => 1730000.00
    [montant_paie] => 3094200.00
)

[2025-03-04 12:19:03] Transaction validée avec succès
[2025-03-04 12:20:58] Données reçues : Array
(
    [id_ticket] => 90
    [numero_ticket] => 202503APO00007
    [type] => all
    [status] => all
    [montant_reste] => 1364200
    [source_paiement] => transactions
    [montant_affiche] => 10 000
    [montant] => 10000
    [save_paiement] => 
)

[2025-03-04 12:20:58] Montant : 10000
[2025-03-04 12:20:58] Source : transactions
[2025-03-04 12:20:58] Traitement ticket ID : 90
[2025-03-04 12:20:58] Tentative de création de la transaction
[2025-03-04 12:20:58] Transaction créée avec succès
[2025-03-04 12:20:58] Tentative de mise à jour du ticket
[2025-03-04 12:20:58] État avant mise à jour : Array
(
    [montant_payer] => 1730000.00
    [montant_paie] => 3094200.00
)

[2025-03-04 12:20:58] Requête de mise à jour exécutée
[2025-03-04 12:20:58] État après mise à jour : Array
(
    [montant_payer] => 1740000.00
    [montant_paie] => 3094200.00
)

[2025-03-04 12:20:58] Transaction validée avec succès
[2025-03-04 12:21:19] Données reçues : Array
(
    [id_ticket] => 90
    [numero_ticket] => 202503APO00007
    [type] => all
    [status] => all
    [montant_reste] => 1354200
    [source_paiement] => transactions
    [montant_affiche] => 10 000
    [montant] => 10000
    [save_paiement] => 
)

[2025-03-04 12:21:19] Montant : 10000
[2025-03-04 12:21:19] Source : transactions
[2025-03-04 12:21:19] Traitement ticket ID : 90
[2025-03-04 12:21:19] Tentative de création de la transaction
[2025-03-04 12:21:19] Transaction créée avec succès
[2025-03-04 12:21:19] Tentative de mise à jour du ticket
[2025-03-04 12:21:19] État avant mise à jour : Array
(
    [montant_payer] => 1740000.00
    [montant_paie] => 3094200.00
)

[2025-03-04 12:21:19] Requête de mise à jour exécutée
[2025-03-04 12:21:19] État après mise à jour : Array
(
    [montant_payer] => 1750000.00
    [montant_paie] => 3094200.00
)

[2025-03-04 12:21:19] Transaction validée avec succès
[2025-03-04 12:35:58] Données reçues : Array
(
    [id_ticket] => 90
    [numero_ticket] => 202503APO00007
    [type] => all
    [status] => all
    [montant_reste] => 1344200
    [source_paiement] => transactions
    [montant_affiche] => 10 000
    [montant] => 10000
    [save_paiement] => 
)

[2025-03-04 12:35:58] Montant : 10000
[2025-03-04 12:35:58] Source : transactions
[2025-03-04 12:35:58] Traitement ticket ID : 90
[2025-03-04 12:35:58] Tentative de création de la transaction
[2025-03-04 12:35:58] Transaction créée avec succès
[2025-03-04 12:35:58] Tentative de mise à jour du ticket
[2025-03-04 12:35:58] État avant mise à jour : Array
(
    [montant_payer] => 1750000.00
    [montant_paie] => 3094200.00
)

[2025-03-04 12:35:58] Requête de mise à jour exécutée
[2025-03-04 12:35:58] État après mise à jour : Array
(
    [montant_payer] => 1760000.00
    [montant_paie] => 3094200.00
)

[2025-03-04 12:35:58] Transaction validée avec succès
[2025-03-04 12:36:26] Données reçues : Array
(
    [id_ticket] => 90
    [numero_ticket] => 202503APO00007
    [type] => all
    [status] => all
    [montant_reste] => 1334200
    [source_paiement] => transactions
    [montant_affiche] => 10 000
    [montant] => 10000
    [save_paiement] => 
)

[2025-03-04 12:36:26] Montant : 10000
[2025-03-04 12:36:26] Source : transactions
[2025-03-04 12:36:26] Traitement ticket ID : 90
[2025-03-04 12:36:26] Tentative de création de la transaction
[2025-03-04 12:36:26] Transaction créée avec succès
[2025-03-04 12:36:26] Tentative de mise à jour du ticket
[2025-03-04 12:36:26] État avant mise à jour : Array
(
    [montant_payer] => 1760000.00
    [montant_paie] => 3094200.00
)

[2025-03-04 12:36:26] Requête de mise à jour exécutée
[2025-03-04 12:36:26] État après mise à jour : Array
(
    [montant_payer] => 1770000.00
    [montant_paie] => 3094200.00
)

[2025-03-04 12:36:26] Transaction validée avec succès
[2025-03-04 12:40:39] Données reçues : Array
(
    [id_ticket] => 90
    [numero_ticket] => 202503APO00007
    [type] => all
    [status] => all
    [montant_reste] => 1324200
    [source_paiement] => transactions
    [montant_affiche] => 10 000
    [montant] => 10000
    [save_paiement] => 
)

[2025-03-04 12:40:39] Montant : 10000
[2025-03-04 12:40:39] Source : transactions
[2025-03-04 12:40:39] Traitement ticket ID : 90
[2025-03-04 12:40:39] Tentative de création de la transaction
[2025-03-04 12:40:39] Transaction créée avec succès
[2025-03-04 12:40:39] Tentative de mise à jour du ticket
[2025-03-04 12:40:39] État avant mise à jour : Array
(
    [montant_payer] => 1770000.00
    [montant_paie] => 3094200.00
)

[2025-03-04 12:40:39] Requête de mise à jour exécutée
[2025-03-04 12:40:39] État après mise à jour : Array
(
    [montant_payer] => 1780000.00
    [montant_paie] => 3094200.00
)

[2025-03-04 12:40:39] Transaction validée avec succès
[2025-03-04 12:41:16] Données reçues : Array
(
    [id_ticket] => 90
    [numero_ticket] => 202503APO00007
    [type] => all
    [status] => all
    [montant_reste] => 1314200
    [source_paiement] => transactions
    [montant_affiche] => 100 000
    [montant] => 100000
    [save_paiement] => 
)

[2025-03-04 12:41:16] Montant : 100000
[2025-03-04 12:41:16] Source : transactions
[2025-03-04 12:41:16] Traitement ticket ID : 90
[2025-03-04 12:41:16] Tentative de création de la transaction
[2025-03-04 12:41:16] Transaction créée avec succès
[2025-03-04 12:41:16] Tentative de mise à jour du ticket
[2025-03-04 12:41:16] État avant mise à jour : Array
(
    [montant_payer] => 1780000.00
    [montant_paie] => 3094200.00
)

[2025-03-04 12:41:16] Requête de mise à jour exécutée
[2025-03-04 12:41:16] État après mise à jour : Array
(
    [montant_payer] => 1880000.00
    [montant_paie] => 3094200.00
)

[2025-03-04 12:41:16] Transaction validée avec succès
[2025-03-04 13:05:08] Erreur finale : SQLSTATE[42S22]: Column not found: 1054 Unknown column 'id_ticket' in 'field list'
[2025-03-04 13:05:15] Erreur finale : SQLSTATE[42S22]: Column not found: 1054 Unknown column 'id_ticket' in 'field list'
[2025-03-04 13:06:47] Données reçues : Array
(
    [id_ticket] => 90
    [numero_ticket] => 202503APO00007
    [type] => all
    [status] => all
    [montant_reste] => 1214200
    [source_paiement] => transactions
    [montant_affiche] => 10 000
    [montant] => 10000
    [save_paiement] => 
)

[2025-03-04 13:06:47] Montant : 10000
[2025-03-04 13:06:47] Source : transactions
[2025-03-04 13:06:47] Traitement ticket ID : 90
[2025-03-04 13:06:47] Tentative de création de la transaction
[2025-03-04 13:06:47] Transaction créée avec succès
[2025-03-04 13:06:47] Tentative de mise à jour du ticket
[2025-03-04 13:06:47] État avant mise à jour : Array
(
    [montant_payer] => 1880000.00
    [montant_paie] => 3094200.00
)

[2025-03-04 13:06:47] Requête de mise à jour exécutée
[2025-03-04 13:06:47] État après mise à jour : Array
(
    [montant_payer] => 1890000.00
    [montant_paie] => 3094200.00
)

[2025-03-04 13:06:47] Transaction validée avec succès
[2025-03-04 13:22:12] Données reçues : Array
(
    [id_ticket] => 90
    [numero_ticket] => 202503APO00007
    [type] => all
    [status] => all
    [montant_reste] => 1204200
    [source_paiement] => transactions
    [montant_affiche] => 10 000
    [montant] => 10000
    [save_paiement] => 
)

[2025-03-04 13:22:12] Montant : 10000
[2025-03-04 13:22:12] Source : transactions
[2025-03-04 13:22:13] Transaction validée avec succès
[2025-03-04 13:24:07] Données reçues : Array
(
    [id_ticket] => 91
    [numero_ticket] => 202503APO00026
    [type] => all
    [status] => all
    [montant_reste] => 2042400
    [source_paiement] => transactions
    [montant_affiche] => 100 000
    [montant] => 100000
    [save_paiement] => 
)

[2025-03-04 13:24:07] Montant : 100000
[2025-03-04 13:24:07] Source : transactions
[2025-03-04 13:24:07] Transaction validée avec succès
[2025-03-04 18:41:31] Données reçues : Array
(
    [id_ticket] => 90
    [numero_ticket] => 202503APO00007
    [type] => all
    [status] => all
    [montant_reste] => 1194200
    [source_paiement] => transactions
    [montant_affiche] => 100 000
    [montant] => 100000
    [save_paiement] => 
)

[2025-03-04 18:41:32] Montant : 100000
[2025-03-04 18:41:32] Source : transactions
[2025-03-04 18:41:32] Transaction validée avec succès
[2025-03-04 19:40:32] Données reçues : Array
(
    [id_ticket] => 90
    [numero_ticket] => 202503APO00007
    [type] => all
    [status] => all
    [montant_reste] => 1094200
    [source_paiement] => transactions
    [montant_affiche] => 100 000
    [montant] => 100000
    [save_paiement] => 
)

[2025-03-04 19:40:32] Montant : 100000
[2025-03-04 19:40:32] Source : transactions
[2025-03-04 19:40:32] Transaction validée avec succès
[2025-03-06 14:10:07] Données reçues : Array
(
    [id_bordereau] => 35
    [numero_bordereau] => BORD-20250306-192-6566
    [type] => all
    [status] => all
    [montant_reste] => 100853100.00
    [source_paiement] => transactions
    [montant_affiche] => 100 000
    [montant] => 100000
    [save_paiement] => 
)

[2025-03-06 14:10:07] Montant : 100000
[2025-03-06 14:10:07] Source : transactions
[2025-03-06 14:10:07] Erreur finale : SQLSTATE[22003]: Numeric value out of range: 1264 Out of range value for column 'montant_total' at row 1
[2025-03-06 14:10:07] Trace : #0 C:\laragon\www\angenor\pages\save_paiement.php(136): PDOStatement->execute(Array)
#1 {main}
[2025-03-06 14:14:39] Données reçues : Array
(
    [id_bordereau] => 35
    [numero_bordereau] => BORD-20250306-192-6566
    [type] => all
    [status] => all
    [montant_reste] => 100853100.00
    [source_paiement] => transactions
    [montant_affiche] => 100 000
    [montant] => 100000
    [save_paiement] => 
)

[2025-03-06 14:14:39] Montant : 100000
[2025-03-06 14:14:39] Source : transactions
[2025-03-06 14:14:39] Erreur finale : SQLSTATE[22003]: Numeric value out of range: 1264 Out of range value for column 'montant_total' at row 1
[2025-03-06 14:14:39] Trace : #0 C:\laragon\www\angenor\pages\save_paiement.php(136): PDOStatement->execute(Array)
#1 {main}
[2025-03-06 14:14:58] Données reçues : Array
(
    [id_ticket] => 228
    [numero_ticket] => ?LKNMLNM?ML?ML?ML
    [type] => all
    [status] => all
    [montant_reste] => 260000
    [source_paiement] => transactions
    [montant_affiche] => 100 000
    [montant] => 100000
    [save_paiement] => 
)

[2025-03-06 14:14:58] Montant : 100000
[2025-03-06 14:14:58] Source : transactions
[2025-03-06 14:14:58] Erreur finale : SQLSTATE[23000]: Integrity constraint violation: 1048 Column 'montant_precedent' cannot be null
[2025-03-06 14:14:58] Trace : #0 C:\laragon\www\angenor\pages\save_paiement.php(136): PDOStatement->execute(Array)
#1 {main}
[2025-03-06 14:16:02] Données reçues : Array
(
    [id_bordereau] => 35
    [numero_bordereau] => BORD-20250306-192-6566
    [type] => all
    [status] => all
    [montant_reste] => 100853100.00
    [source_paiement] => transactions
    [montant_affiche] => 100 000
    [montant] => 100000
    [save_paiement] => 
)

[2025-03-06 14:16:02] Montant : 100000
[2025-03-06 14:16:02] Source : transactions
[2025-03-06 14:16:02] Erreur finale : SQLSTATE[22003]: Numeric value out of range: 1264 Out of range value for column 'montant_total' at row 1
[2025-03-06 14:16:02] Trace : #0 C:\laragon\www\angenor\pages\save_paiement.php(136): PDOStatement->execute(Array)
#1 {main}
[2025-03-06 14:19:47] Données reçues : Array
(
    [save_paiement] => 1
    [id_bordereau] => 35
    [numero_bordereau] => BORD-20250306-192-6566
    [type] => all
    [status] => all
    [montant_reste] => 100853100.00
    [source_paiement] => transactions
    [montant_affiche] => 100 000
    [montant] => 100000
)

[2025-03-06 14:19:47] Montant : 100000
[2025-03-06 14:19:47] Source : transactions
[2025-03-06 14:19:47] Erreur finale : SQLSTATE[22003]: Numeric value out of range: 1264 Out of range value for column 'montant_total' at row 1
[2025-03-06 14:19:47] Trace : #0 C:\laragon\www\angenor\pages\save_paiement.php(136): PDOStatement->execute(Array)
#1 {main}
[2025-03-06 14:21:56] Données reçues : Array
(
    [save_paiement] => 1
    [id_bordereau] => 35
    [numero_bordereau] => BORD-20250306-192-6566
    [type] => all
    [status] => all
    [montant_reste] => 100853100.00
    [source_paiement] => transactions
    [montant_affiche] => 100 000
    [montant] => 100000
)

[2025-03-06 14:21:56] Montant : 100000
[2025-03-06 14:21:56] Source : transactions
[2025-03-06 14:21:56] Erreur finale : SQLSTATE[22003]: Numeric value out of range: 1264 Out of range value for column 'montant_total' at row 1
[2025-03-06 14:21:56] Trace : #0 C:\laragon\www\angenor\pages\save_paiement.php(136): PDOStatement->execute(Array)
#1 {main}
[2025-03-06 14:22:54] Données reçues : Array
(
    [save_paiement] => 1
    [id_bordereau] => 35
    [numero_bordereau] => BORD-20250306-192-6566
    [type] => all
    [status] => all
    [montant_reste] => 100853100.00
    [source_paiement] => transactions
    [montant_affiche] => 100 000
    [montant] => 100000
)

[2025-03-06 14:22:54] Montant : 100000
[2025-03-06 14:22:54] Source : transactions
[2025-03-06 14:22:54] Erreur finale : SQLSTATE[22003]: Numeric value out of range: 1264 Out of range value for column 'montant_total' at row 1
[2025-03-06 14:22:54] Trace : #0 C:\laragon\www\angenor\pages\save_paiement.php(136): PDOStatement->execute(Array)
#1 {main}
[2025-03-06 14:23:05] Données reçues : Array
(
    [save_paiement] => 1
    [id_ticket] => 228
    [numero_ticket] => ?LKNMLNM?ML?ML?ML
    [type] => all
    [status] => all
    [montant_reste] => 260000
    [source_paiement] => transactions
    [montant_affiche] => 100 000
    [montant] => 100000
)

[2025-03-06 14:23:05] Montant : 100000
[2025-03-06 14:23:05] Source : transactions
[2025-03-06 14:23:05] Erreur finale : SQLSTATE[23000]: Integrity constraint violation: 1048 Column 'montant_precedent' cannot be null
[2025-03-06 14:23:05] Trace : #0 C:\laragon\www\angenor\pages\save_paiement.php(136): PDOStatement->execute(Array)
#1 {main}
[2025-03-06 14:29:20] Données reçues : Array
(
    [save_paiement] => 1
    [id_bordereau] => 35
    [numero_bordereau] => BORD-20250306-192-6566
    [type] => all
    [status] => all
    [montant_reste] => 100853100.00
    [source_paiement] => transactions
    [montant_affiche] => 100 000
    [montant] => 100000
)

[2025-03-06 14:29:20] Montant : 100000
[2025-03-06 14:29:20] Source : transactions
[2025-03-06 14:29:20] Type : all
[2025-03-06 14:29:20] Status : all
[2025-03-06 14:29:20] Montants avant insertion:
[2025-03-06 14:29:20] Total: 100853100.00
[2025-03-06 14:29:20] Payé: 100000.00
[2025-03-06 14:29:20] Précédent: 0.00
[2025-03-06 14:29:20] Reste: 100753100.00
[2025-03-06 14:29:20] Transaction validée avec succès
[2025-03-06 15:27:29] Erreur lors de la suppression du bordereau #35 par l'utilisateur 4 : SQLSTATE[42S02]: Base table or view not found: 1146 Table 'unipalmci_gestion_new.bordereau_tickets' doesn't exist
[2025-03-06 15:27:34] Erreur lors de la suppression du bordereau #35 par l'utilisateur 4 : SQLSTATE[42S02]: Base table or view not found: 1146 Table 'unipalmci_gestion_new.bordereau_tickets' doesn't exist
[2025-03-06 15:29:57] Erreur lors de la suppression du bordereau #36 par l'utilisateur 4 : Le bordereau n'existe pas ou est déjà validé
[2025-03-06 15:35:01] Erreur lors de la suppression du bordereau #37 par l'utilisateur 4 : SQLSTATE[42S02]: Base table or view not found: 1146 Table 'unipalmci_gestion_new.bordereau_tickets' doesn't exist
[2025-03-06 15:35:05] Erreur lors de la suppression du bordereau #37 par l'utilisateur 4 : SQLSTATE[42S02]: Base table or view not found: 1146 Table 'unipalmci_gestion_new.bordereau_tickets' doesn't exist
[2025-03-06 16:54:55] Données reçues : Array
(
    [save_paiement] => 1
    [id_bordereau] => 57
    [numero_bordereau] => BORD-20250306-196-2374
    [type] => all
    [status] => all
    [montant_reste] => 804000.00
    [source_paiement] => transactions
    [montant_affiche] => 100 000
    [montant] => 100000
)

[2025-03-06 16:54:55] Montant : 100000
[2025-03-06 16:54:55] Source : transactions
[2025-03-06 16:54:55] Type : all
[2025-03-06 16:54:55] Status : all
[2025-03-06 16:54:55] Montants avant insertion:
[2025-03-06 16:54:55] Total: 804000.00
[2025-03-06 16:54:55] Payé: 100000.00
[2025-03-06 16:54:55] Précédent: 0.00
[2025-03-06 16:54:55] Reste: 704000.00
[2025-03-06 16:54:55] Transaction validée avec succès
[2025-03-06 17:26:50] Données reçues : Array
(
    [save_paiement] => 1
    [id_ticket] => 289
    [numero_ticket] => christian 02
    [type] => all
    [status] => all
    [montant_reste] => 480000
    [source_paiement] => transactions
    [montant_affiche] => 50 000
    [montant] => 50000
)

[2025-03-06 17:26:50] Montant : 50000
[2025-03-06 17:26:50] Source : transactions
[2025-03-06 17:26:50] Type : all
[2025-03-06 17:26:50] Status : all
[2025-03-06 17:26:50] Montants avant insertion:
[2025-03-06 17:26:50] Total: 480000.00
[2025-03-06 17:26:50] Payé: 50000.00
[2025-03-06 17:26:50] Précédent: 0.00
[2025-03-06 17:26:50] Reste: 430000.00
[2025-03-06 17:26:50] Transaction validée avec succès
[2025-03-06 17:27:35] Données reçues : Array
(
    [save_paiement] => 1
    [id_ticket] => 289
    [numero_ticket] => christian 02
    [type] => all
    [status] => all
    [montant_reste] => 430000
    [source_paiement] => transactions
    [montant_affiche] => 50 000
    [montant] => 50000
)

[2025-03-06 17:27:35] Montant : 50000
[2025-03-06 17:27:35] Source : transactions
[2025-03-06 17:27:35] Type : all
[2025-03-06 17:27:35] Status : all
[2025-03-06 17:27:35] Montants avant insertion:
[2025-03-06 17:27:35] Total: 480000.00
[2025-03-06 17:27:35] Payé: 50000.00
[2025-03-06 17:27:35] Précédent: 50000.00
[2025-03-06 17:27:35] Reste: 380000.00
[2025-03-06 17:27:35] Transaction validée avec succès
[2025-03-06 17:29:33] Données reçues : Array
(
    [save_paiement] => 1
    [id_ticket] => 289
    [numero_ticket] => christian 02
    [type] => all
    [status] => all
    [montant_reste] => 380000
    [source_paiement] => transactions
    [montant_affiche] => 40 000
    [montant] => 40000
)

[2025-03-06 17:29:33] Montant : 40000
[2025-03-06 17:29:33] Source : transactions
[2025-03-06 17:29:33] Type : all
[2025-03-06 17:29:33] Status : all
[2025-03-06 17:29:33] Montants avant insertion:
[2025-03-06 17:29:33] Total: 480000.00
[2025-03-06 17:29:33] Payé: 40000.00
[2025-03-06 17:29:33] Précédent: 100000.00
[2025-03-06 17:29:33] Reste: 340000.00
[2025-03-06 17:29:33] Transaction validée avec succès
[2025-03-07 11:11:39] Données reçues : Array
(
    [save_paiement] => 1
    [id_ticket] => 289
    [numero_ticket] => christian 02
    [type] => all
    [status] => all
    [montant_reste] => 340000
    [source_paiement] => transactions
    [montant_affiche] => 10 000
    [montant] => 10000
)

[2025-03-07 11:11:39] Montant : 10000
[2025-03-07 11:11:39] Source : transactions
[2025-03-07 11:11:39] Type : all
[2025-03-07 11:11:39] Status : all
[2025-03-07 11:11:39] Montants avant insertion:
[2025-03-07 11:11:39] Total: 480000.00
[2025-03-07 11:11:39] Payé: 10000.00
[2025-03-07 11:11:39] Précédent: 140000.00
[2025-03-07 11:11:39] Reste: 330000.00
[2025-03-07 11:11:39] Transaction validée avec succès
